0 info it worked if it ends with ok
1 verbose cli [ '/usr/bin/node', '/usr/local/bin/npm', 'run', 'dev' ]
2 info using npm@3.10.5
3 info using node@v10.15.2
4 verbose run-script [ 'predev', 'dev', 'postdev' ]
5 info lifecycle svelte-app@1.0.0~predev: svelte-app@1.0.0
6 silly lifecycle svelte-app@1.0.0~predev: no script for predev, continuing
7 info lifecycle svelte-app@1.0.0~dev: svelte-app@1.0.0
8 verbose lifecycle svelte-app@1.0.0~dev: unsafe-perm in lifecycle true
9 verbose lifecycle svelte-app@1.0.0~dev: PATH: /usr/local/lib/node_modules/npm/bin/node-gyp-bin:/home/ian/bookmarks/scripts/swapi-svelte/node_modules/.bin:/usr/bin:/home/ian/.qfc/bin:/usr/local/bin:/usr/bin:/bin:/usr/local/games:/usr/games:/home/ian/bin:/home/ian/bin/go/bin/:/home/ian/.fzf/bin
10 verbose lifecycle svelte-app@1.0.0~dev: CWD: /home/ian/bookmarks/scripts/swapi-svelte
11 silly lifecycle svelte-app@1.0.0~dev: Args: [ '-c', 'run-p start:dev autobuild' ]
12 silly lifecycle svelte-app@1.0.0~dev: Returned: code: 1  signal: null
13 info lifecycle svelte-app@1.0.0~dev: Failed to exec dev script
14 verbose stack Error: svelte-app@1.0.0 dev: `run-p start:dev autobuild`
14 verbose stack Exit status 1
14 verbose stack     at EventEmitter.<anonymous> (/usr/local/lib/node_modules/npm/lib/utils/lifecycle.js:242:16)
14 verbose stack     at EventEmitter.emit (events.js:189:13)
14 verbose stack     at ChildProcess.<anonymous> (/usr/local/lib/node_modules/npm/lib/utils/spawn.js:40:14)
14 verbose stack     at ChildProcess.emit (events.js:189:13)
14 verbose stack     at maybeClose (internal/child_process.js:970:16)
14 verbose stack     at Process.ChildProcess._handle.onexit (internal/child_process.js:259:5)
15 verbose pkgid svelte-app@1.0.0
16 verbose cwd /home/ian/bookmarks/scripts/swapi-svelte
17 error Linux 4.19.0-5-amd64
18 error argv "/usr/bin/node" "/usr/local/bin/npm" "run" "dev"
19 error node v10.15.2
20 error npm  v3.10.5
21 error code ELIFECYCLE
22 error svelte-app@1.0.0 dev: `run-p start:dev autobuild`
22 error Exit status 1
23 error Failed at the svelte-app@1.0.0 dev script 'run-p start:dev autobuild'.
23 error Make sure you have the latest version of node.js and npm installed.
23 error If you do, this is most likely a problem with the svelte-app package,
23 error not with npm itself.
23 error Tell the author that this fails on your system:
23 error     run-p start:dev autobuild
23 error You can get information on how to open an issue for this project with:
23 error     npm bugs svelte-app
23 error Or if that isn't available, you can get their info via:
23 error     npm owner ls svelte-app
23 error There is likely additional logging output above.
24 verbose exit [ 1, true ]
